\BOOKMARK [1][-]{Doc-Start}{Task\040A}{}% 1
\BOOKMARK [1][-]{Doc-Start}{Introduction}{}% 2
\BOOKMARK [1][-]{Doc-Start}{Data\040processing\040and\040exploratory\040data\040analysis}{}% 3
\BOOKMARK [1][-]{Doc-Start}{Feature\040engineering}{}% 4
\BOOKMARK [1][-]{figure.caption.1}{Methodology}{}% 5
\BOOKMARK [2][-]{section*.2}{Random\040forest\040regression}{figure.caption.1}% 6
\BOOKMARK [2][-]{section*.2}{Lasso\040Regression}{figure.caption.1}% 7
\BOOKMARK [2][-]{section*.2}{Ridge\040Regression}{figure.caption.1}% 8
\BOOKMARK [2][-]{section*.2}{Elastic\040Nets}{figure.caption.1}% 9
\BOOKMARK [2][-]{section*.2}{Stepwise\040regression}{figure.caption.1}% 10
\BOOKMARK [1][-]{table.caption.3}{Validation\040set\040results\040from\040kaggle}{}% 11
\BOOKMARK [1][-]{table.caption.4}{Conclusion}{}% 12
\BOOKMARK [1][-]{table.caption.4}{References}{}% 13
\BOOKMARK [1][-]{table.caption.4}{Task\040B}{}% 14
\BOOKMARK [1][-]{table.caption.4}{Exploratory\040data\040analysis}{}% 15
\BOOKMARK [1][-]{figure.caption.5}{Forecasting\040models}{}% 16
\BOOKMARK [2][-]{section*.6}{Seasonal\040random\040walk}{figure.caption.5}% 17
\BOOKMARK [2][-]{section*.6}{Drift\040model}{figure.caption.5}% 18
\BOOKMARK [2][-]{section*.6}{Exponential\040smoothing}{figure.caption.5}% 19
\BOOKMARK [1][-]{section*.6}{Appendix}{}% 20
